    Run information
    ---------------
    
    A linear regression analysis with a linear regression assumption evaluator, orchestrated by `prefect`.
    
        Start time      : 2024-05-25 22:10:32
        run-id          : 1e24d39cf61e8c3e5b8614120ce06723
        start-date      : 2024-05-26 03:10:25.753434
        version         : v0.1.0
        session-name    : 2024
        session-id      : f73c46a8aeff9588f710fd8153825466
        dataset-name    : input_parquet.parquet
        dataset-id      : aa43422e2bc9c23dad62abf566d1ab0b
        inputs          : /linny/analysis/1e24d39cf61e8c3e5b8614120ce06723/inputs
        outputs         : /linny/analysis/1e24d39cf61e8c3e5b8614120ce06723/outputs
    
    --------------------------------------------------------------------------------------------------------------------------------------
    
    Workflow validation
    -------------------
    
    The workflow configuration validation completed successfully.
    
        study_id                 : f73c46a8aeff9588f710fd8153825466
        Y                        : Sales
        tune_this_time           : True
        saved_hypers_filename    : 
        search_seasonality       : False
        fft_terms                : 4
        interaction_fft          : 
        search_randoms           : False
        list_rand_ints           : 
        list_rand_slopes         : 
    
    --------------------------------------------------------------------------------------------------------------------------------------
    
    Run time
    --------
    
    Run-time performance summary.
    
        Start time    : 22:10:32.925458
        End time      : 22:10:55.940436
        Run time      : 00:00:23.014978

    --------------------------------------------------------------------------------------------------------------------------------------
