    Run information
    ---------------
    
    A linear regression analysis with a linear regression assumption evaluator, orchestrated by `prefect`.
    
        Start time     : 2024-05-13 20:44:34
        input_path     : /workspaces/Assemblit/examples/linear-regression/analysis/develop/inputs
        output_path    : /workspaces/Assemblit/examples/linear-regression/analysis/develop/outputs
    
    --------------------------------------------------------------------------------------------------------------------------------------
    
    Workflow validation
    -------------------
    
    The workflow configuration validation completed successfully.
    
        y    : y
        x    : ['x1', 'x2', 'x3']
    
    --------------------------------------------------------------------------------------------------------------------------------------
    
    Run time
    --------
    
    Run-time performance summary.
    
        Start time    : 20:44:34.324249
        End time      : 20:44:54.910572
        Run time      : 00:00:20.586323

    --------------------------------------------------------------------------------------------------------------------------------------
